<?xml version='1.0' encoding='UTF-8'?>
<testsuite hostname="LAPTOP-DFQ1UEMS" name="models.RepoIssuesTest" tests="1" errors="0" failures="0" skipped="0" time="0.001" timestamp="2021-11-22T17:47:15">
          <properties>
[...]
</properties>
          <testcase classname="models.RepoIssuesTest" name="constructorTest" time="0.001">
                      
                    </testcase>
          <system-out><![CDATA[]]></system-out>
          <system-err><![CDATA[]]></system-err>
        </testsuite>